<?xml version="1.0" encoding="UTF-8"?>
<testng-results skipped="0" failed="0" ignored="0" total="2" passed="2">
  <reporter-output>
  </reporter-output>
  <suite name="Default suite" duration-ms="45729" started-at="2018-11-18T14:15:11Z" finished-at="2018-11-18T14:15:56Z">
    <groups>
    </groups>
    <test name="Default test" duration-ms="45729" started-at="2018-11-18T14:15:11Z" finished-at="2018-11-18T14:15:56Z">
      <class name="test.POM_Factory_1_Obj">
        <test-method status="PASS" signature="setUp()[pri:0, instance:test.POM_Factory_1_Obj@29ee9faa]" name="setUp" is-config="true" duration-ms="6993" started-at="2018-11-18T14:15:11Z" finished-at="2018-11-18T14:15:18Z">
          <reporter-output>
          </reporter-output>
        </test-method> <!-- setUp -->
        <test-method status="PASS" signature="test(java.lang.String, java.lang.String, java.lang.String, java.lang.String)[pri:0, instance:test.POM_Factory_1_Obj@29ee9faa]" name="test" duration-ms="12429" started-at="2018-11-18T14:15:18Z" data-provider="expediaInputs" finished-at="2018-11-18T14:15:30Z">
          <params>
            <param index="0">
              <value>
                <![CDATA[Oslo]]>
              </value>
            </param>
            <param index="1">
              <value>
                <![CDATA[London]]>
              </value>
            </param>
            <param index="2">
              <value>
                <![CDATA[01/11/2019]]>
              </value>
            </param>
            <param index="3">
              <value>
                <![CDATA[02/22/2019]]>
              </value>
            </param>
          </params>
          <reporter-output>
          </reporter-output>
        </test-method> <!-- test -->
        <test-method status="PASS" signature="tearDown()[pri:0, instance:test.POM_Factory_1_Obj@29ee9faa]" name="tearDown" is-config="true" duration-ms="1964" started-at="2018-11-18T14:15:30Z" finished-at="2018-11-18T14:15:32Z">
          <reporter-output>
          </reporter-output>
        </test-method> <!-- tearDown -->
        <test-method status="PASS" signature="setUp()[pri:0, instance:test.POM_Factory_1_Obj@29ee9faa]" name="setUp" is-config="true" duration-ms="6929" started-at="2018-11-18T14:15:32Z" finished-at="2018-11-18T14:15:39Z">
          <reporter-output>
          </reporter-output>
        </test-method> <!-- setUp -->
        <test-method status="PASS" signature="test(java.lang.String, java.lang.String, java.lang.String, java.lang.String)[pri:0, instance:test.POM_Factory_1_Obj@29ee9faa]" name="test" duration-ms="14758" started-at="2018-11-18T14:15:39Z" data-provider="expediaInputs" finished-at="2018-11-18T14:15:54Z">
          <params>
            <param index="0">
              <value>
                <![CDATA[Sylhet]]>
              </value>
            </param>
            <param index="1">
              <value>
                <![CDATA[New York]]>
              </value>
            </param>
            <param index="2">
              <value>
                <![CDATA[01/11/2019]]>
              </value>
            </param>
            <param index="3">
              <value>
                <![CDATA[02/22/2019]]>
              </value>
            </param>
          </params>
          <reporter-output>
          </reporter-output>
        </test-method> <!-- test -->
        <test-method status="PASS" signature="tearDown()[pri:0, instance:test.POM_Factory_1_Obj@29ee9faa]" name="tearDown" is-config="true" duration-ms="2632" started-at="2018-11-18T14:15:54Z" finished-at="2018-11-18T14:15:56Z">
          <reporter-output>
          </reporter-output>
        </test-method> <!-- tearDown -->
      </class> <!-- test.POM_Factory_1_Obj -->
    </test> <!-- Default test -->
  </suite> <!-- Default suite -->
</testng-results>
